This is pdfTeX, Version 3.141592-1.40.4 (MiKTeX 2.7) (preloaded format=pdflatex 2008.2.7)  6 AUG 2008 09:25
entering extended mode
**C:/vn/docs/vn.tex
(C:/vn/docs/vn.tex
LaTeX2e <2005/12/01>
Babel <v3.8h> and hyphenation patterns for english, dumylang, nohyphenation, ge
rman, ngerman, french, loaded.
("C:\Program Files\MiKTeX2.7\tex\latex\base\article.cls"
Document Class: article 2005/09/16 v1.4f Standard LaTeX document class
("C:\Program Files\MiKTeX2.7\tex\latex\base\size11.clo"
File: size11.clo 2005/09/16 v1.4f Standard LaTeX file (size option)
)
\c@part=\count79
\c@section=\count80
\c@subsection=\count81
\c@subsubsection=\count82
\c@paragraph=\count83
\c@subparagraph=\count84
\c@figure=\count85
\c@table=\count86
\abovecaptionskip=\skip41
\belowcaptionskip=\skip42
\bibindent=\dimen102
) ("C:\Program Files\MiKTeX2.7\tex\latex\psnfss\mathpazo.sty"
Package: mathpazo 2005/04/12 PSNFSS-v9.2a Palatino w/ Pazo Math (D.Puga, WaS) 
\symupright=\mathgroup4
) ("C:\Program Files\MiKTeX2.7\tex\latex\ltxmisc\url.sty"
\Urlmuskip=\muskip10
Package: url 2006/04/12  ver 3.3  Verb mode for urls, etc.
) ("C:\Program Files\MiKTeX2.7\tex\latex\graphics\graphicx.sty"
Package: graphicx 1999/02/16 v1.0f Enhanced LaTeX Graphics (DPC,SPQR)
("C:\Program Files\MiKTeX2.7\tex\latex\graphics\keyval.sty"
Package: keyval 1999/03/16 v1.13 key=value parser (DPC)
\KV@toks@=\toks14
) ("C:\Program Files\MiKTeX2.7\tex\latex\graphics\graphics.sty"
Package: graphics 2006/02/20 v1.0o Standard LaTeX Graphics (DPC,SPQR)
("C:\Program Files\MiKTeX2.7\tex\latex\graphics\trig.sty"
Package: trig 1999/03/16 v1.09 sin cos tan (DPC)
) ("C:\Program Files\MiKTeX2.7\tex\latex\00miktex\graphics.cfg"
File: graphics.cfg 2007/01/18 v1.5 graphics configuration of teTeX/TeXLive
)
Package graphics Info: Driver file: pdftex.def on input line 90.
("C:\Program Files\MiKTeX2.7\tex\latex\graphics\pdftex.def"
File: pdftex.def 2007/06/12 v0.04h Graphics/color for pdfTeX
\Gread@gobject=\count87
))
\Gin@req@height=\dimen103
\Gin@req@width=\dimen104
) ("C:\Program Files\MiKTeX2.7\tex\latex\tools\verbatim.sty"
Package: verbatim 2003/08/22 v1.5q LaTeX2e package for verbatim enhancements
\every@verbatim=\toks15
\verbatim@line=\toks16
\verbatim@in@stream=\read1
) (vn.aux)
LaTeX Font Info:    Checking defaults for OML/cmm/m/it on input line 33.
LaTeX Font Info:    ... okay on input line 33.
LaTeX Font Info:    Checking defaults for T1/cmr/m/n on input line 33.
LaTeX Font Info:    ... okay on input line 33.
LaTeX Font Info:    Checking defaults for OT1/cmr/m/n on input line 33.
LaTeX Font Info:    ... okay on input line 33.
LaTeX Font Info:    Checking defaults for OMS/cmsy/m/n on input line 33.
LaTeX Font Info:    ... okay on input line 33.
LaTeX Font Info:    Checking defaults for OMX/cmex/m/n on input line 33.
LaTeX Font Info:    ... okay on input line 33.
LaTeX Font Info:    Checking defaults for U/cmr/m/n on input line 33.
LaTeX Font Info:    ... okay on input line 33.
LaTeX Font Info:    Try loading font information for OT1+ppl on input line 33.
("C:\Program Files\MiKTeX2.7\tex\latex\psnfss\ot1ppl.fd"
File: ot1ppl.fd 2001/06/04 font definitions for OT1/ppl.
)
\big@size=\dimen105
("C:\Program Files\MiKTeX2.7\tex\context\base\supp-pdf.tex"
[Loading MPS to PDF converter (version 2006.09.02).]
\scratchcounter=\count88
\scratchdimen=\dimen106
\scratchbox=\box26
\nofMPsegments=\count89
\nofMParguments=\count90
\MPscratchCnt=\count91
\MPscratchDim=\dimen107
\MPnumerator=\count92
\everyMPtoPDFconversion=\toks17
)
LaTeX Font Info:    Try loading font information for OML+zplm on input line 35.

("C:\Program Files\MiKTeX2.7\tex\latex\psnfss\omlzplm.fd"
File: omlzplm.fd 2002/09/08 Fontinst v1.914 font definitions for OML/zplm.
)
LaTeX Font Info:    Try loading font information for OMS+zplm on input line 35.

("C:\Program Files\MiKTeX2.7\tex\latex\psnfss\omszplm.fd"
File: omszplm.fd 2002/09/08 Fontinst v1.914 font definitions for OMS/zplm.
)
LaTeX Font Info:    Try loading font information for OMX+zplm on input line 35.

("C:\Program Files\MiKTeX2.7\tex\latex\psnfss\omxzplm.fd"
File: omxzplm.fd 2002/09/08 Fontinst v1.914 font definitions for OMX/zplm.
)
LaTeX Font Info:    Try loading font information for OT1+zplm on input line 35.

("C:\Program Files\MiKTeX2.7\tex\latex\psnfss\ot1zplm.fd"
File: ot1zplm.fd 2002/09/08 Fontinst v1.914 font definitions for OT1/zplm.
) [1

{C:/Documents and Settings/All Users/Application Data/MiKTeX/2.7/pdftex/config/
pdftex.map}]
LaTeX Font Info:    Font shape `OT1/ppl/bx/n' in size <14.4> not available
(Font)              Font shape `OT1/ppl/b/n' tried instead on input line 53.
LaTeX Font Info:    Try loading font information for OMS+ppl on input line 62.
("C:\Program Files\MiKTeX2.7\tex\latex\psnfss\omsppl.fd"
File: omsppl.fd 
)
LaTeX Font Info:    Font shape `OMS/ppl/m/n' in size <10.95> not available
(Font)              Font shape `OMS/cmsy/m/n' tried instead on input line 62.
[2]
LaTeX Font Info:    Font shape `OT1/ppl/bx/n' in size <10.95> not available
(Font)              Font shape `OT1/ppl/b/n' tried instead on input line 94.
LaTeX Font Info:    Font shape `OT1/ppl/bx/sc' in size <10.95> not available
(Font)              Font shape `OT1/ppl/b/sc' tried instead on input line 94.
[3]
LaTeX Font Info:    Font shape `OT1/ppl/bx/sc' in size <14.4> not available
(Font)              Font shape `OT1/ppl/b/sc' tried instead on input line 138.
<vn.png, id=17, 770.12718pt x 553.31718pt>
File: vn.png Graphic file (type png)
<use vn.png>
LaTeX Font Info:    Font shape `OT1/cmtt/bx/n' in size <10.95> not available
(Font)              Font shape `OT1/cmtt/m/n' tried instead on input line 162.
[4 <vn.png (PNG copy)>] [5] [6]
Overfull \hbox (7.94055pt too wide) in paragraph at lines 297--299
[][]\OT1/cmtt/m/n/10.95 ReadPath \OT1/ppl/m/n/10.95 reads the path data printed
 by the \OT1/ppl/m/sc/10.95 Promela \OT1/ppl/m/n/10.95 pro-gram and stores it i
n \OT1/cmtt/m/n/10.95 pathStates
 []

[7] [8] (vn.aux) ) 
Here is how much of TeX's memory you used:
 1202 strings out of 95340
 14370 string characters out of 1184188
 61642 words of memory out of 1500000
 4395 multiletter control sequences out of 110000
 31245 words of font info for 79 fonts, out of 1200000 for 2000
 14 hyphenation exceptions out of 8191
 25i,8n,21p,219b,273s stack positions out of 5000i,500n,10000p,200000b,5000s
{C:/Program Files/MiKTeX2.7/fonts/enc/dvips/fontname/8r.enc}<
C:/Program Files/MiKTeX2.7/fonts/type1/bluesky/cm/cmss10.pfb><C:/Program Files/
MiKTeX2.7/fonts/type1/bluesky/cm/cmss12.pfb><C:/Program Files/MiKTeX2.7/fonts/t
ype1/bluesky/cm/cmss9.pfb><C:/Program Files/MiKTeX2.7/fonts/type1/bluesky/cm/cm
ssbx10.pfb><C:/Program Files/MiKTeX2.7/fonts/type1/bluesky/cm/cmsy10.pfb><C:/Pr
ogram Files/MiKTeX2.7/fonts/type1/bluesky/cm/cmtt10.pfb><C:/Program Files/MiKTe
X2.7/fonts/type1/bluesky/cm/cmtt9.pfb><C:/Program Files/MiKTeX2.7/fonts/type1/u
rw/palatino/uplb8a.pfb><C:/Program Files/MiKTeX2.7/fonts/type1/urw/palatino/upl
r8a.pfb><C:/Program Files/MiKTeX2.7/fonts/type1/urw/palatino/uplri8a.pfb>
Output written on vn.pdf (8 pages, 153279 bytes).
PDF statistics:
 71 PDF objects out of 1000 (max. 8388607)
 0 named destinations out of 1000 (max. 131072)
 6 words of extra memory for PDF output out of 10000 (max. 10000000)

